<?xml version="1.0" encoding="UTF-8"?>
<!-- Generated by org.testng.reporters.JUnitXMLReporter -->
<testsuite ignored="0" hostname="AIPLLAP423" failures="0" tests="9" name="Default test" time="84.286" errors="0" timestamp="2024-06-10T18:46:56 IST">
  <testcase classname="ecom.testcases.HomePageTest" name="@BeforeMethod setup" time="84.117">
    <failure type="org.openqa.selenium.NoSuchWindowException" message="no such window: target window already closed
from unknown error: web view not found
  (Session info: chrome=125.0.6422.142)
Build info: version: &amp;apos;4.15.0&amp;apos;, revision: &amp;apos;1d14b5521b&amp;apos;
System info: os.name: &amp;apos;Windows 10&amp;apos;, os.arch: &amp;apos;amd64&amp;apos;, os.version: &amp;apos;10.0&amp;apos;, java.version: &amp;apos;17.0.3&amp;apos;
Driver info: org.openqa.selenium.chrome.ChromeDriver
Command: [c09015efc032aea9fec4d3273467ec50, findElement {using=xpath, value=//img[@class=&amp;apos;lazyload desktop-img&amp;apos;]}]
Capabilities {acceptInsecureCerts: false, browserName: chrome, browserVersion: 125.0.6422.142, chrome: {chromedriverVersion: 124.0.6367.91 (51df0e5e17a8..., userDataDir: C:\Users\BHAUMI~1.GOH\AppDa...}, fedcm:accounts: true, goog:chromeOptions: {debuggerAddress: localhost:62335}, networkConnectionEnabled: false, pageLoadStrategy: normal, platformName: windows, proxy: Proxy(), se:cdp: ws://localhost:62335/devtoo..., se:cdpVersion: 125.0.6422.142, setWindowRect: true, strictFileInteractability: false, timeouts: {implicit: 0, pageLoad: 300000, script: 30000}, unhandledPromptBehavior: dismiss and notify, webauthn:extension:credBlob: true, webauthn:extension:largeBlob: true, webauthn:extension:minPinLength: true, webauthn:extension:prf: true, webauthn:virtualAuthenticators: true}
Session ID: c09015efc032aea9fec4d3273467ec50">
      <![CDATA[org.openqa.selenium.NoSuchWindowException: no such window: target window already closed
from unknown error: web view not found
  (Session info: chrome=125.0.6422.142)
Build info: version: '4.15.0', revision: '1d14b5521b'
System info: os.name: 'Windows 10', os.arch: 'amd64', os.version: '10.0', java.version: '17.0.3'
Driver info: org.openqa.selenium.chrome.ChromeDriver
Command: [c09015efc032aea9fec4d3273467ec50, findElement {using=xpath, value=//img[@class='lazyload desktop-img']}]
Capabilities {acceptInsecureCerts: false, browserName: chrome, browserVersion: 125.0.6422.142, chrome: {chromedriverVersion: 124.0.6367.91 (51df0e5e17a8..., userDataDir: C:\Users\BHAUMI~1.GOH\AppDa...}, fedcm:accounts: true, goog:chromeOptions: {debuggerAddress: localhost:62335}, networkConnectionEnabled: false, pageLoadStrategy: normal, platformName: windows, proxy: Proxy(), se:cdp: ws://localhost:62335/devtoo..., se:cdpVersion: 125.0.6422.142, setWindowRect: true, strictFileInteractability: false, timeouts: {implicit: 0, pageLoad: 300000, script: 30000}, unhandledPromptBehavior: dismiss and notify, webauthn:extension:credBlob: true, webauthn:extension:largeBlob: true, webauthn:extension:minPinLength: true, webauthn:extension:prf: true, webauthn:virtualAuthenticators: true}
Session ID: c09015efc032aea9fec4d3273467ec50
at java.base/jdk.internal.reflect.NativeConstructorAccessorImpl.newInstance0(Native Method)
at java.base/jdk.internal.reflect.NativeConstructorAccessorImpl.newInstance(NativeConstructorAccessorImpl.java:77)
at java.base/jdk.internal.reflect.DelegatingConstructorAccessorImpl.newInstance(DelegatingConstructorAccessorImpl.java:45)
at java.base/java.lang.reflect.Constructor.newInstanceWithCaller(Constructor.java:499)
at java.base/java.lang.reflect.Constructor.newInstance(Constructor.java:480)
at org.openqa.selenium.remote.codec.w3c.W3CHttpResponseCodec.createException(W3CHttpResponseCodec.java:200)
at org.openqa.selenium.remote.codec.w3c.W3CHttpResponseCodec.decode(W3CHttpResponseCodec.java:133)
at org.openqa.selenium.remote.codec.w3c.W3CHttpResponseCodec.decode(W3CHttpResponseCodec.java:52)
at org.openqa.selenium.remote.HttpCommandExecutor.execute(HttpCommandExecutor.java:191)
at org.openqa.selenium.remote.service.DriverCommandExecutor.invokeExecute(DriverCommandExecutor.java:200)
at org.openqa.selenium.remote.service.DriverCommandExecutor.execute(DriverCommandExecutor.java:175)
at org.openqa.selenium.remote.RemoteWebDriver.execute(RemoteWebDriver.java:607)
at org.openqa.selenium.remote.ElementLocation$ElementFinder$2.findElement(ElementLocation.java:165)
at org.openqa.selenium.remote.ElementLocation.findElement(ElementLocation.java:59)
at org.openqa.selenium.remote.RemoteWebDriver.findElement(RemoteWebDriver.java:364)
at org.openqa.selenium.remote.RemoteWebDriver.findElement(RemoteWebDriver.java:358)
at ecom.TestBase.initilization(TestBase.java:62)
at ecom.testcases.HomePageTest.setup(HomePageTest.java:27)
at java.base/jdk.internal.reflect.NativeMethodAccessorImpl.invoke0(Native Method)
at java.base/jdk.internal.reflect.NativeMethodAccessorImpl.invoke(NativeMethodAccessorImpl.java:77)
at java.base/jdk.internal.reflect.DelegatingMethodAccessorImpl.invoke(DelegatingMethodAccessorImpl.java:43)
at java.base/java.lang.reflect.Method.invoke(Method.java:568)
at org.testng.internal.MethodInvocationHelper.invokeMethod(MethodInvocationHelper.java:133)
at org.testng.internal.MethodInvocationHelper.invokeMethodConsideringTimeout(MethodInvocationHelper.java:62)
at org.testng.internal.ConfigInvoker.invokeConfigurationMethod(ConfigInvoker.java:385)
at org.testng.internal.ConfigInvoker.invokeConfigurations(ConfigInvoker.java:321)
at org.testng.internal.TestInvoker.runConfigMethods(TestInvoker.java:700)
at org.testng.internal.TestInvoker.invokeMethod(TestInvoker.java:527)
at org.testng.internal.TestInvoker.invokeTestMethod(TestInvoker.java:173)
at org.testng.internal.MethodRunner.runInSequence(MethodRunner.java:46)
at org.testng.internal.TestInvoker$MethodInvocationAgent.invoke(TestInvoker.java:824)
at org.testng.internal.TestInvoker.invokeTestMethods(TestInvoker.java:146)
at org.testng.internal.TestMethodWorker.invokeTestMethods(TestMethodWorker.java:146)
at org.testng.internal.TestMethodWorker.run(TestMethodWorker.java:128)
at java.base/java.util.ArrayList.forEach(ArrayList.java:1511)
at org.testng.TestRunner.privateRun(TestRunner.java:794)
at org.testng.TestRunner.run(TestRunner.java:596)
at org.testng.SuiteRunner.runTest(SuiteRunner.java:377)
at org.testng.SuiteRunner.runSequentially(SuiteRunner.java:371)
at org.testng.SuiteRunner.privateRun(SuiteRunner.java:332)
at org.testng.SuiteRunner.run(SuiteRunner.java:276)
at org.testng.SuiteRunnerWorker.runSuite(SuiteRunnerWorker.java:53)
at org.testng.SuiteRunnerWorker.run(SuiteRunnerWorker.java:96)
at org.testng.TestNG.runSuitesSequentially(TestNG.java:1212)
at org.testng.TestNG.runSuitesLocally(TestNG.java:1134)
at org.testng.TestNG.runSuites(TestNG.java:1063)
at org.testng.TestNG.run(TestNG.java:1031)
at org.testng.remote.AbstractRemoteTestNG.run(AbstractRemoteTestNG.java:115)
at org.testng.remote.RemoteTestNG.initAndRun(RemoteTestNG.java:251)
at org.testng.remote.RemoteTestNG.main(RemoteTestNG.java:77)
]]>
    </failure>
  </testcase> <!-- @BeforeMethod setup -->
  <testcase classname="ecom.testcases.HomePageTest" name="@AfterMethod Terminate" time="-1.718025416431E9">
    <skipped/>
  </testcase> <!-- @AfterMethod Terminate -->
  <testcase classname="ecom.testcases.HomePageTest" name="@BeforeMethod setup" time="-1.718025416436E9">
    <skipped/>
  </testcase> <!-- @BeforeMethod setup -->
  <testcase classname="ecom.testcases.HomePageTest" name="@AfterMethod Terminate" time="-1.718025416447E9">
    <skipped/>
  </testcase> <!-- @AfterMethod Terminate -->
  <testcase classname="ecom.testcases.HomePageTest" name="@BeforeMethod setup" time="-1.718025416449E9">
    <skipped/>
  </testcase> <!-- @BeforeMethod setup -->
  <testcase classname="ecom.testcases.HomePageTest" name="@AfterMethod Terminate" time="-1.718025416457E9">
    <skipped/>
  </testcase> <!-- @AfterMethod Terminate -->
  <testcase classname="ecom.testcases.HomePageTest" name="@BeforeMethod setup" time="-1.718025416461E9">
    <skipped/>
  </testcase> <!-- @BeforeMethod setup -->
  <testcase classname="ecom.testcases.HomePageTest" name="@AfterMethod Terminate" time="-1.718025416469E9">
    <skipped/>
  </testcase> <!-- @AfterMethod Terminate -->
  <testcase classname="ecom.testcases.HomePageTest" name="@BeforeMethod setup" time="-1.718025416472E9">
    <skipped/>
  </testcase> <!-- @BeforeMethod setup -->
  <testcase classname="ecom.testcases.HomePageTest" name="@AfterMethod Terminate" time="-1.718025416482E9">
    <skipped/>
  </testcase> <!-- @AfterMethod Terminate -->
  <testcase classname="ecom.testcases.HomePageTest" name="@BeforeMethod setup" time="-1.718025416486E9">
    <skipped/>
  </testcase> <!-- @BeforeMethod setup -->
  <testcase classname="ecom.testcases.HomePageTest" name="@AfterMethod Terminate" time="-1.718025416495E9">
    <skipped/>
  </testcase> <!-- @AfterMethod Terminate -->
  <testcase classname="ecom.testcases.HomePageTest" name="@BeforeMethod setup" time="-1.718025416499E9">
    <skipped/>
  </testcase> <!-- @BeforeMethod setup -->
  <testcase classname="ecom.testcases.HomePageTest" name="@AfterMethod Terminate" time="-1.718025416508E9">
    <skipped/>
  </testcase> <!-- @AfterMethod Terminate -->
  <testcase classname="ecom.testcases.HomePageTest" name="@BeforeMethod setup" time="-1.718025416511E9">
    <skipped/>
  </testcase> <!-- @BeforeMethod setup -->
  <testcase classname="ecom.testcases.HomePageTest" name="@AfterMethod Terminate" time="-1.718025416518E9">
    <skipped/>
  </testcase> <!-- @AfterMethod Terminate -->
  <testcase classname="ecom.testcases.HomePageTest" name="@BeforeMethod setup" time="-1.71802541652E9">
    <skipped/>
  </testcase> <!-- @BeforeMethod setup -->
  <testcase classname="ecom.testcases.HomePageTest" name="@AfterMethod Terminate" time="-1.718025416527E9">
    <skipped/>
  </testcase> <!-- @AfterMethod Terminate -->
  <testcase classname="ecom.testcases.HomePageTest" name="Verify_Page_Home_Page_Title_Test" time="0.0">
    <skipped/>
  </testcase> <!-- Verify_Page_Home_Page_Title_Test -->
  <testcase classname="ecom.testcases.HomePageTest" name="Verify_Home_Page_Logo_Test" time="0.0">
    <skipped/>
  </testcase> <!-- Verify_Home_Page_Logo_Test -->
  <testcase classname="ecom.testcases.HomePageTest" name="Verify_Search_box_Test" time="0.001">
    <skipped/>
  </testcase> <!-- Verify_Search_box_Test -->
  <testcase classname="ecom.testcases.HomePageTest" name="Verify_Cart_Test" time="0.0">
    <skipped/>
  </testcase> <!-- Verify_Cart_Test -->
  <testcase classname="ecom.testcases.HomePageTest" name="Verify_Navigation_Menu_Test" time="0.0">
    <skipped/>
  </testcase> <!-- Verify_Navigation_Menu_Test -->
  <testcase classname="ecom.testcases.HomePageTest" name="Verify_Home_Page_Image_Test" time="0.0">
    <skipped/>
  </testcase> <!-- Verify_Home_Page_Image_Test -->
  <testcase classname="ecom.testcases.HomePageTest" name="Validate_Search_Functionality" time="0.0">
    <skipped/>
  </testcase> <!-- Validate_Search_Functionality -->
  <testcase classname="ecom.testcases.HomePageTest" name="Verify_Product" time="0.0">
    <skipped/>
  </testcase> <!-- Verify_Product -->
  <testcase classname="ecom.testcases.HomePageTest" name="Verify_Footer_Section_Test" time="0.0">
    <skipped/>
  </testcase> <!-- Verify_Footer_Section_Test -->
</testsuite> <!-- Default test -->
