<?xml version="1.0" encoding="UTF-8"?>
<!-- Generated by org.testng.reporters.JUnitXMLReporter -->
<testsuite ignored="0" hostname="AIPLLAP423" failures="0" tests="8" name="Add to Cart" time="170.265" errors="0" timestamp="2024-06-10T19:12:10 IST">
  <testcase classname="ecom.testcases.AddtoCartPageTest" name="Verify_Page_Title_Test" time="0.041"/>
  <testcase classname="ecom.testcases.AddtoCartPageTest" name="Verify_Page_Logo_Test" time="0.087"/>
  <testcase classname="ecom.testcases.AddtoCartPageTest" name="Verify_Searchbox_Test" time="0.109"/>
  <testcase classname="ecom.testcases.AddtoCartPageTest" name="Verify_CartPage_Text_Test" time="0.143"/>
  <testcase classname="ecom.testcases.AddtoCartPageTest" name="Verify_Navigation_Menu_Test" time="0.085"/>
  <testcase classname="ecom.testcases.AddtoCartPageTest" name="Verify_Cart_Qty_Increase_Test" time="2.66"/>
  <testcase classname="ecom.testcases.AddtoCartPageTest" name="Verify_Cart_Decrease_Qty_Test" time="2.45"/>
  <testcase classname="ecom.testcases.AddtoCartPageTest" name="Click_on_Checkout_button_Test" time="0.156"/>
</testsuite> <!-- Add to Cart -->
