<?xml version="1.0" encoding="UTF-8"?>
<!-- Generated by org.testng.reporters.JUnitXMLReporter -->
<testsuite ignored="0" hostname="AIPLLAP423" failures="0" tests="8" name="Add to Cart" time="106.277" errors="0" timestamp="2024-06-11T16:54:53 IST">
  <testcase classname="ecom.testcases.AddtoCartPageTest" name="Verify_Page_Title_Test" time="0.061"/>
  <testcase classname="ecom.testcases.AddtoCartPageTest" name="Verify_Page_Logo_Test" time="0.084"/>
  <testcase classname="ecom.testcases.AddtoCartPageTest" name="Verify_Searchbox_Test" time="0.11"/>
  <testcase classname="ecom.testcases.AddtoCartPageTest" name="Verify_CartPage_Text_Test" time="0.213"/>
  <testcase classname="ecom.testcases.AddtoCartPageTest" name="Verify_Navigation_Menu_Test" time="0.076"/>
  <testcase classname="ecom.testcases.AddtoCartPageTest" name="Verify_Cart_Qty_Increase_Test" time="2.817"/>
  <testcase classname="ecom.testcases.AddtoCartPageTest" name="Verify_Cart_Decrease_Qty_Test" time="2.514"/>
  <testcase classname="ecom.testcases.AddtoCartPageTest" name="Click_on_Checkout_button_Test" time="0.237"/>
</testsuite> <!-- Add to Cart -->
