<?xml version="1.0" encoding="UTF-8"?>
<!-- Generated by org.testng.reporters.JUnitXMLReporter -->
<testsuite ignored="9" hostname="AIPLLAP423" failures="0" tests="0" time="0.019" errors="0" timestamp="2024-07-20T23:51:36 IST">
  <testcase classname="ecom.testcases.HomePageTest" name="Validate_Search_Functionality" time="0.0">
    <ignored/>
  </testcase> <!-- Validate_Search_Functionality -->
  <testcase classname="ecom.testcases.HomePageTest" name="Verify_Product" time="0.0">
    <ignored/>
  </testcase> <!-- Verify_Product -->
  <testcase classname="ecom.testcases.HomePageTest" name="Verify_Cart_Test" time="0.0">
    <ignored/>
  </testcase> <!-- Verify_Cart_Test -->
  <testcase classname="ecom.testcases.HomePageTest" name="Verify_Home_Page_Logo_Test" time="0.0">
    <ignored/>
  </testcase> <!-- Verify_Home_Page_Logo_Test -->
  <testcase classname="ecom.testcases.HomePageTest" name="Verify_Footer_Section_Test" time="0.0">
    <ignored/>
  </testcase> <!-- Verify_Footer_Section_Test -->
  <testcase classname="ecom.testcases.HomePageTest" name="Verify_Home_Page_Image_Test" time="0.0">
    <ignored/>
  </testcase> <!-- Verify_Home_Page_Image_Test -->
  <testcase classname="ecom.testcases.HomePageTest" name="Verify_Navigation_Menu_Test" time="0.0">
    <ignored/>
  </testcase> <!-- Verify_Navigation_Menu_Test -->
  <testcase classname="ecom.testcases.HomePageTest" name="Verify_Search_box_Test" time="0.0">
    <ignored/>
  </testcase> <!-- Verify_Search_box_Test -->
  <testcase classname="ecom.testcases.HomePageTest" name="Verify_Page_Home_Page_Title_Test" time="0.0">
    <ignored/>
  </testcase> <!-- Verify_Page_Home_Page_Title_Test -->
</testsuite>
