<?xml version="1.0" encoding="UTF-8"?>
<!-- Generated by org.testng.reporters.JUnitXMLReporter -->
<testsuite ignored="0" hostname="AIPLLAP423" failures="0" tests="5" name="CheckOut Page Test" time="232.486" errors="0" timestamp="2024-06-10T19:17:21 IST">
  <testcase classname="ecom.testcases.CheckOutPageTest" name="Check_Check_Out_Page_Title_Test" time="0.017"/>
  <testcase classname="ecom.testcases.CheckOutPageTest" name="CheckOutRequiredFieldValidationTest" time="12.372"/>
  <testcase classname="ecom.testcases.CheckOutPageTest" name="VerifyCheckOutFunctionalitywithNagativeValueTest" time="13.5"/>
  <testcase classname="ecom.testcases.CheckOutPageTest" name="VerifyCheckOutFunctionalitywithNagativeValueTest" time="16.177"/>
  <testcase classname="ecom.testcases.CheckOutPageTest" name="VerifyCheckOutFunctionalitywithNagativeValueTest" time="18.923"/>
</testsuite> <!-- CheckOut Page Test -->
