<?xml version="1.0" encoding="UTF-8"?>
<!-- Generated by org.testng.reporters.JUnitXMLReporter -->
<testsuite ignored="0" hostname="AIPLLAP423" failures="0" tests="5" name="CheckOut Page Test" time="120.259" errors="0" timestamp="2024-06-11T16:57:25 IST">
  <testcase classname="ecom.testcases.CheckOutPageTest" name="Check_Check_Out_Page_Title_Test" time="0.032"/>
  <testcase classname="ecom.testcases.CheckOutPageTest" name="CheckOutRequiredFieldValidationTest" time="12.365"/>
  <testcase classname="ecom.testcases.CheckOutPageTest" name="VerifyCheckOutFunctionalitywithNagativeValueTest" time="14.889"/>
  <testcase classname="ecom.testcases.CheckOutPageTest" name="VerifyCheckOutFunctionalitywithNagativeValueTest" time="14.989"/>
  <testcase classname="ecom.testcases.CheckOutPageTest" name="VerifyCheckOutFunctionalitywithNagativeValueTest" time="14.385"/>
</testsuite> <!-- CheckOut Page Test -->
