<?xml version="1.0" encoding="UTF-8"?>
<!-- Generated by org.testng.reporters.JUnitXMLReporter -->
<testsuite ignored="0" hostname="AIPLLAP423" failures="0" tests="9" name="Check Add To Cart Items" time="120.875" errors="0" timestamp="2024-06-10T19:09:20 IST">
  <testcase classname="ecom.testcases.HomePageTest" name="Verify_Page_Home_Page_Title_Test" time="0.035"/>
  <testcase classname="ecom.testcases.HomePageTest" name="Verify_Home_Page_Logo_Test" time="0.128"/>
  <testcase classname="ecom.testcases.HomePageTest" name="Verify_Search_box_Test" time="0.071"/>
  <testcase classname="ecom.testcases.HomePageTest" name="Verify_Cart_Test" time="0.057"/>
  <testcase classname="ecom.testcases.HomePageTest" name="Verify_Navigation_Menu_Test" time="0.103"/>
  <testcase classname="ecom.testcases.HomePageTest" name="Verify_Home_Page_Image_Test" time="0.293"/>
  <testcase classname="ecom.testcases.HomePageTest" name="Validate_Search_Functionality" time="25.698"/>
  <testcase classname="ecom.testcases.HomePageTest" name="Verify_Product" time="2.728"/>
  <testcase classname="ecom.testcases.HomePageTest" name="Verify_Footer_Section_Test" time="0.171"/>
</testsuite> <!-- Check Add To Cart Items -->
