<?xml version="1.0" encoding="UTF-8"?>
<!-- Generated by org.testng.reporters.JUnitXMLReporter -->
<testsuite ignored="0" hostname="AIPLLAP423" failures="0" tests="6" name="Product Details Test" time="63.399" errors="0" timestamp="2024-06-11T16:53:07 IST">
  <testcase classname="ecom.testcases.ProductDetailsPageTest" name="Verify_Page_Title_Test" time="0.084"/>
  <testcase classname="ecom.testcases.ProductDetailsPageTest" name="Verify_Page_Logo_Test" time="0.129"/>
  <testcase classname="ecom.testcases.ProductDetailsPageTest" name="Verify_Searchbox_Test" time="0.151"/>
  <testcase classname="ecom.testcases.ProductDetailsPageTest" name="Verify_Cart_Test" time="0.105"/>
  <testcase classname="ecom.testcases.ProductDetailsPageTest" name="Verify_Navigation_Menu_Test" time="0.131"/>
  <testcase classname="ecom.testcases.ProductDetailsPageTest" name="Verify_Add_to_Cart_Functionality_Test" time="3.157"/>
</testsuite> <!-- Product Details Test -->
