<?xml version="1.0" encoding="UTF-8"?>
<!-- Generated by org.testng.reporters.JUnitXMLReporter -->
<testsuite ignored="0" hostname="AIPLLAP423" failures="0" tests="4" name="Search Page Test" time="49.85" errors="0" timestamp="2024-06-10T19:18:11 IST">
  <testcase classname="ecom.testcases.SearchPageTest" name="Verify_Page_Title_Test" time="0.011"/>
  <testcase classname="ecom.testcases.SearchPageTest" name="Verify_Logo_Test" time="0.12"/>
  <testcase classname="ecom.testcases.SearchPageTest" name="Verify_Product_On_Search_Page_Test" time="0.11"/>
  <testcase classname="ecom.testcases.SearchPageTest" name="Verify_Invali_Search_Functionality_Test" time="2.116"/>
</testsuite> <!-- Search Page Test -->
