<?xml version="1.0" encoding="UTF-8"?>
<!-- Generated by org.testng.reporters.JUnitXMLReporter -->
<testsuite ignored="0" hostname="AIPLLAP423" failures="0" tests="4" name="Search Page Test" time="38.699" errors="0" timestamp="2024-06-11T16:58:04 IST">
  <testcase classname="ecom.testcases.SearchPageTest" name="Verify_Page_Title_Test" time="0.016"/>
  <testcase classname="ecom.testcases.SearchPageTest" name="Verify_Logo_Test" time="1.345"/>
  <testcase classname="ecom.testcases.SearchPageTest" name="Verify_Product_On_Search_Page_Test" time="0.078"/>
  <testcase classname="ecom.testcases.SearchPageTest" name="Verify_Invali_Search_Functionality_Test" time="2.319"/>
</testsuite> <!-- Search Page Test -->
