<?xml version="1.0" encoding="UTF-8"?>
<testng-results ignored="0" total="9" passed="9" failed="0" skipped="0">
  <reporter-output>
  </reporter-output>
  <suite started-at="2024-06-12T16:45:54 IST" name="Add To Cart Items" finished-at="2024-06-12T16:47:39 IST" duration-ms="105234">
    <groups>
    </groups>
    <test started-at="2024-06-12T16:45:54 IST" name="Check Add To Cart Items" finished-at="2024-06-12T16:47:39 IST" duration-ms="105234">
      <class name="ecom.testcases.HomePageTest">
        <test-method is-config="true" signature="setup()[pri:0, instance:ecom.testcases.HomePageTest@618425b5]" started-at="2024-06-12T16:45:54 IST" name="setup" finished-at="2024-06-12T16:46:03 IST" duration-ms="8827" status="PASS">
          <reporter-output>
          </reporter-output>
        </test-method> <!-- setup -->
        <test-method signature="Verify_Page_Home_Page_Title_Test()[pri:1, instance:ecom.testcases.HomePageTest@618425b5]" started-at="2024-06-12T16:46:03 IST" name="Verify_Page_Home_Page_Title_Test" finished-at="2024-06-12T16:46:03 IST" duration-ms="45" status="PASS">
          <reporter-output>
          </reporter-output>
        </test-method> <!-- Verify_Page_Home_Page_Title_Test -->
        <test-method is-config="true" signature="Terminate()[pri:0, instance:ecom.testcases.HomePageTest@618425b5]" started-at="2024-06-12T16:46:03 IST" name="Terminate" finished-at="2024-06-12T16:46:04 IST" duration-ms="1019" status="PASS">
          <reporter-output>
          </reporter-output>
        </test-method> <!-- Terminate -->
        <test-method is-config="true" signature="setup()[pri:0, instance:ecom.testcases.HomePageTest@618425b5]" started-at="2024-06-12T16:46:04 IST" name="setup" finished-at="2024-06-12T16:46:11 IST" duration-ms="7576" status="PASS">
          <reporter-output>
          </reporter-output>
        </test-method> <!-- setup -->
        <test-method signature="Verify_Home_Page_Logo_Test()[pri:2, instance:ecom.testcases.HomePageTest@618425b5]" started-at="2024-06-12T16:46:11 IST" name="Verify_Home_Page_Logo_Test" finished-at="2024-06-12T16:46:11 IST" duration-ms="127" status="PASS">
          <reporter-output>
          </reporter-output>
        </test-method> <!-- Verify_Home_Page_Logo_Test -->
        <test-method is-config="true" signature="Terminate()[pri:0, instance:ecom.testcases.HomePageTest@618425b5]" started-at="2024-06-12T16:46:11 IST" name="Terminate" finished-at="2024-06-12T16:46:12 IST" duration-ms="832" status="PASS">
          <reporter-output>
          </reporter-output>
        </test-method> <!-- Terminate -->
        <test-method is-config="true" signature="setup()[pri:0, instance:ecom.testcases.HomePageTest@618425b5]" started-at="2024-06-12T16:46:12 IST" name="setup" finished-at="2024-06-12T16:46:20 IST" duration-ms="7902" status="PASS">
          <reporter-output>
          </reporter-output>
        </test-method> <!-- setup -->
        <test-method signature="Verify_Search_box_Test()[pri:3, instance:ecom.testcases.HomePageTest@618425b5]" started-at="2024-06-12T16:46:20 IST" name="Verify_Search_box_Test" finished-at="2024-06-12T16:46:20 IST" duration-ms="138" status="PASS">
          <reporter-output>
          </reporter-output>
        </test-method> <!-- Verify_Search_box_Test -->
        <test-method is-config="true" signature="Terminate()[pri:0, instance:ecom.testcases.HomePageTest@618425b5]" started-at="2024-06-12T16:46:20 IST" name="Terminate" finished-at="2024-06-12T16:46:21 IST" duration-ms="942" status="PASS">
          <reporter-output>
          </reporter-output>
        </test-method> <!-- Terminate -->
        <test-method is-config="true" signature="setup()[pri:0, instance:ecom.testcases.HomePageTest@618425b5]" started-at="2024-06-12T16:46:21 IST" name="setup" finished-at="2024-06-12T16:46:27 IST" duration-ms="5790" status="PASS">
          <reporter-output>
          </reporter-output>
        </test-method> <!-- setup -->
        <test-method signature="Verify_Cart_Test()[pri:4, instance:ecom.testcases.HomePageTest@618425b5]" started-at="2024-06-12T16:46:27 IST" name="Verify_Cart_Test" finished-at="2024-06-12T16:46:27 IST" duration-ms="98" status="PASS">
          <reporter-output>
          </reporter-output>
        </test-method> <!-- Verify_Cart_Test -->
        <test-method is-config="true" signature="Terminate()[pri:0, instance:ecom.testcases.HomePageTest@618425b5]" started-at="2024-06-12T16:46:27 IST" name="Terminate" finished-at="2024-06-12T16:46:28 IST" duration-ms="969" status="PASS">
          <reporter-output>
          </reporter-output>
        </test-method> <!-- Terminate -->
        <test-method is-config="true" signature="setup()[pri:0, instance:ecom.testcases.HomePageTest@618425b5]" started-at="2024-06-12T16:46:28 IST" name="setup" finished-at="2024-06-12T16:46:34 IST" duration-ms="6102" status="PASS">
          <reporter-output>
          </reporter-output>
        </test-method> <!-- setup -->
        <test-method signature="Verify_Navigation_Menu_Test()[pri:5, instance:ecom.testcases.HomePageTest@618425b5]" started-at="2024-06-12T16:46:34 IST" name="Verify_Navigation_Menu_Test" finished-at="2024-06-12T16:46:34 IST" duration-ms="151" status="PASS">
          <reporter-output>
          </reporter-output>
        </test-method> <!-- Verify_Navigation_Menu_Test -->
        <test-method is-config="true" signature="Terminate()[pri:0, instance:ecom.testcases.HomePageTest@618425b5]" started-at="2024-06-12T16:46:34 IST" name="Terminate" finished-at="2024-06-12T16:46:35 IST" duration-ms="844" status="PASS">
          <reporter-output>
          </reporter-output>
        </test-method> <!-- Terminate -->
        <test-method is-config="true" signature="setup()[pri:0, instance:ecom.testcases.HomePageTest@618425b5]" started-at="2024-06-12T16:46:35 IST" name="setup" finished-at="2024-06-12T16:46:42 IST" duration-ms="6830" status="PASS">
          <reporter-output>
          </reporter-output>
        </test-method> <!-- setup -->
        <test-method signature="Verify_Home_Page_Image_Test()[pri:6, instance:ecom.testcases.HomePageTest@618425b5]" started-at="2024-06-12T16:46:42 IST" name="Verify_Home_Page_Image_Test" finished-at="2024-06-12T16:46:42 IST" duration-ms="279" status="PASS">
          <reporter-output>
          </reporter-output>
        </test-method> <!-- Verify_Home_Page_Image_Test -->
        <test-method is-config="true" signature="Terminate()[pri:0, instance:ecom.testcases.HomePageTest@618425b5]" started-at="2024-06-12T16:46:42 IST" name="Terminate" finished-at="2024-06-12T16:46:43 IST" duration-ms="772" status="PASS">
          <reporter-output>
          </reporter-output>
        </test-method> <!-- Terminate -->
        <test-method is-config="true" signature="setup()[pri:0, instance:ecom.testcases.HomePageTest@618425b5]" started-at="2024-06-12T16:46:43 IST" name="setup" finished-at="2024-06-12T16:46:51 IST" duration-ms="7927" status="PASS">
          <reporter-output>
          </reporter-output>
        </test-method> <!-- setup -->
        <test-method signature="Validate_Search_Functionality()[pri:7, instance:ecom.testcases.HomePageTest@618425b5]" started-at="2024-06-12T16:46:51 IST" name="Validate_Search_Functionality" finished-at="2024-06-12T16:47:16 IST" duration-ms="24759" status="PASS">
          <reporter-output>
          </reporter-output>
        </test-method> <!-- Validate_Search_Functionality -->
        <test-method is-config="true" signature="Terminate()[pri:0, instance:ecom.testcases.HomePageTest@618425b5]" started-at="2024-06-12T16:47:16 IST" name="Terminate" finished-at="2024-06-12T16:47:17 IST" duration-ms="1173" status="PASS">
          <reporter-output>
          </reporter-output>
        </test-method> <!-- Terminate -->
        <test-method is-config="true" signature="setup()[pri:0, instance:ecom.testcases.HomePageTest@618425b5]" started-at="2024-06-12T16:47:17 IST" name="setup" finished-at="2024-06-12T16:47:25 IST" duration-ms="7657" status="PASS">
          <reporter-output>
          </reporter-output>
        </test-method> <!-- setup -->
        <test-method signature="Verify_Product()[pri:8, instance:ecom.testcases.HomePageTest@618425b5]" started-at="2024-06-12T16:47:25 IST" name="Verify_Product" finished-at="2024-06-12T16:47:28 IST" duration-ms="3275" status="PASS">
          <reporter-output>
          </reporter-output>
        </test-method> <!-- Verify_Product -->
        <test-method is-config="true" signature="Terminate()[pri:0, instance:ecom.testcases.HomePageTest@618425b5]" started-at="2024-06-12T16:47:28 IST" name="Terminate" finished-at="2024-06-12T16:47:29 IST" duration-ms="990" status="PASS">
          <reporter-output>
          </reporter-output>
        </test-method> <!-- Terminate -->
        <test-method is-config="true" signature="setup()[pri:0, instance:ecom.testcases.HomePageTest@618425b5]" started-at="2024-06-12T16:47:29 IST" name="setup" finished-at="2024-06-12T16:47:38 IST" duration-ms="8734" status="PASS">
          <reporter-output>
          </reporter-output>
        </test-method> <!-- setup -->
        <test-method signature="Verify_Footer_Section_Test()[pri:9, instance:ecom.testcases.HomePageTest@618425b5]" started-at="2024-06-12T16:47:38 IST" name="Verify_Footer_Section_Test" finished-at="2024-06-12T16:47:38 IST" duration-ms="251" status="PASS">
          <reporter-output>
          </reporter-output>
        </test-method> <!-- Verify_Footer_Section_Test -->
        <test-method is-config="true" signature="Terminate()[pri:0, instance:ecom.testcases.HomePageTest@618425b5]" started-at="2024-06-12T16:47:38 IST" name="Terminate" finished-at="2024-06-12T16:47:39 IST" duration-ms="1081" status="PASS">
          <reporter-output>
          </reporter-output>
        </test-method> <!-- Terminate -->
      </class> <!-- ecom.testcases.HomePageTest -->
    </test> <!-- Check Add To Cart Items -->
  </suite> <!-- Add To Cart Items -->
</testng-results>
